<?xml version="1.0" encoding="UTF-8"?>
<!-- Generated by org.testng.reporters.JUnitReportReporter -->
<testsuite hostname="QM_YOS__56" failures="0" tests="1" name="Webtestcase" time="8.176" errors="0" timestamp="2024-11-18T10:59:29 IST" skipped="0">
  <testcase classname="Webtestcase" name="testcase" time="8.176"/>
</testsuite> <!-- Webtestcase -->
